Arguments: 
  /Users/lars/.nvm/versions/node/v9.11.2/bin/node /usr/local/Cellar/yarn/1.7.0/libexec/bin/yarn.js add babel-plugin-env -D

PATH: 
  /Users/lars/.rvm/gems/ruby-2.5.1/bin:/Users/lars/.rvm/gems/ruby-2.5.1@global/bin:/Users/lars/.rvm/rubies/ruby-2.5.1/bin:/usr/local/opt/ruby/bin:/Users/lars/.nvm/versions/node/v9.11.2/bin:/usr/local/bin:/usr/bin:/bin:/usr/sbin:/sbin:/Library/Frameworks/Mono.framework/Versions/Current/Commands:/Users/lars/.rvm/bin

Yarn version: 
  1.7.0

Node version: 
  9.11.2

Platform: 
  darwin x64

Trace: 
  Error: https://registry.yarnpkg.com/babel-plugin-env: Not found
      at Request.params.callback [as _callback] (/usr/local/Cellar/yarn/1.7.0/libexec/lib/cli.js:65656:18)
      at Request.self.callback (/usr/local/Cellar/yarn/1.7.0/libexec/lib/cli.js:134675:22)
      at Request.emit (events.js:180:13)
      at Request.<anonymous> (/usr/local/Cellar/yarn/1.7.0/libexec/lib/cli.js:135658:10)
      at Request.emit (events.js:180:13)
      at IncomingMessage.<anonymous> (/usr/local/Cellar/yarn/1.7.0/libexec/lib/cli.js:135578:12)
      at Object.onceWrapper (events.js:272:13)
      at IncomingMessage.emit (events.js:185:15)
      at endReadableNT (_stream_readable.js:1106:12)
      at process._tickCallback (internal/process/next_tick.js:178:19)

npm manifest: 
  {
    "name": "unitcircle",
    "version": "1.0.0",
    "main": "index.js",
    "license": "MIT",
    "devDependencies": {
      "@babel/preset-stage-0": "^7.0.0-beta.44",
      "babel-core": "^6.26.3",
      "babel-preset-env": "^1.7.0",
      "stylus": "^0.54.5"
    },
    "dependencies": {
      "@babel/plugin-proposal-class-properties": "^7.2.1",
      "pappi": "^0.0.1",
      "two.js": "^0.7.0-beta.3"
    }
  }

yarn manifest: 
  No manifest

Lockfile: 
  # THIS IS AN AUTOGENERATED FILE. DO NOT EDIT THIS FILE DIRECTLY.
  # yarn lockfile v1
  
  
  "@babel/code-frame@7.0.0-beta.44":
    version "7.0.0-beta.44"
    resolved "http://registry.npmjs.org/@babel/code-frame/-/code-frame-7.0.0-beta.44.tgz#2a02643368de80916162be70865c97774f3adbd9"
    dependencies:
      "@babel/highlight" "7.0.0-beta.44"
  
  "@babel/code-frame@^7.0.0":
    version "7.0.0"
    resolved "https://registry.yarnpkg.com/@babel/code-frame/-/code-frame-7.0.0.tgz#06e2ab19bdb535385559aabb5ba59729482800f8"
    dependencies:
      "@babel/highlight" "^7.0.0"
  
  "@babel/generator@7.0.0-beta.44":
    version "7.0.0-beta.44"
    resolved "http://registry.npmjs.org/@babel/generator/-/generator-7.0.0-beta.44.tgz#c7e67b9b5284afcf69b309b50d7d37f3e5033d42"
    dependencies:
      "@babel/types" "7.0.0-beta.44"
      jsesc "^2.5.1"
      lodash "^4.2.0"
      source-map "^0.5.0"
      trim-right "^1.0.1"
  
  "@babel/generator@^7.2.2":
    version "7.2.2"
    resolved "https://registry.yarnpkg.com/@babel/generator/-/generator-7.2.2.tgz#18c816c70962640eab42fe8cae5f3947a5c65ccc"
    dependencies:
      "@babel/types" "^7.2.2"
      jsesc "^2.5.1"
      lodash "^4.17.10"
      source-map "^0.5.0"
      trim-right "^1.0.1"
  
  "@babel/helper-annotate-as-pure@7.0.0-beta.44":
    version "7.0.0-beta.44"
    resolved "http://registry.npmjs.org/@babel/helper-annotate-as-pure/-/helper-annotate-as-pure-7.0.0-beta.44.tgz#8ecf33cc5235295afcc7f160a63cab17ce7776f4"
    dependencies:
      "@babel/types" "7.0.0-beta.44"
  
  "@babel/helper-create-class-features-plugin@^7.2.1":
    version "7.2.2"
    resolved "https://registry.yarnpkg.com/@babel/helper-create-class-features-plugin/-/helper-create-class-features-plugin-7.2.2.tgz#aac79552e41c94716a804d371e943f20171df0c5"
    dependencies:
      "@babel/helper-function-name" "^7.1.0"
      "@babel/helper-member-expression-to-functions" "^7.0.0"
      "@babel/helper-optimise-call-expression" "^7.0.0"
      "@babel/helper-plugin-utils" "^7.0.0"
      "@babel/helper-replace-supers" "^7.1.0"
  
  "@babel/helper-function-name@7.0.0-beta.44":
    version "7.0.0-beta.44"
    resolved "http://registry.npmjs.org/@babel/helper-function-name/-/helper-function-name-7.0.0-beta.44.tgz#e18552aaae2231100a6e485e03854bc3532d44dd"
    dependencies:
      "@babel/helper-get-function-arity" "7.0.0-beta.44"
      "@babel/template" "7.0.0-beta.44"
      "@babel/types" "7.0.0-beta.44"
  
  "@babel/helper-function-name@^7.1.0":
    version "7.1.0"
    resolved "https://registry.yarnpkg.com/@babel/helper-function-name/-/helper-function-name-7.1.0.tgz#a0ceb01685f73355d4360c1247f582bfafc8ff53"
    dependencies:
      "@babel/helper-get-function-arity" "^7.0.0"
      "@babel/template" "^7.1.0"
      "@babel/types" "^7.0.0"
  
  "@babel/helper-get-function-arity@7.0.0-beta.44":
    version "7.0.0-beta.44"
    resolved "http://registry.npmjs.org/@babel/helper-get-function-arity/-/helper-get-function-arity-7.0.0-beta.44.tgz#d03ca6dd2b9f7b0b1e6b32c56c72836140db3a15"
    dependencies:
      "@babel/types" "7.0.0-beta.44"
  
  "@babel/helper-get-function-arity@^7.0.0":
    version "7.0.0"
    resolved "https://registry.yarnpkg.com/@babel/helper-get-function-arity/-/helper-get-function-arity-7.0.0.tgz#83572d4320e2a4657263734113c42868b64e49c3"
    dependencies:
      "@babel/types" "^7.0.0"
  
  "@babel/helper-member-expression-to-functions@^7.0.0":
    version "7.0.0"
    resolved "https://registry.yarnpkg.com/@babel/helper-member-expression-to-functions/-/helper-member-expression-to-functions-7.0.0.tgz#8cd14b0a0df7ff00f009e7d7a436945f47c7a16f"
    dependencies:
      "@babel/types" "^7.0.0"
  
  "@babel/helper-optimise-call-expression@^7.0.0":
    version "7.0.0"
    resolved "https://registry.yarnpkg.com/@babel/helper-optimise-call-expression/-/helper-optimise-call-expression-7.0.0.tgz#a2920c5702b073c15de51106200aa8cad20497d5"
    dependencies:
      "@babel/types" "^7.0.0"
  
  "@babel/helper-plugin-utils@7.0.0-beta.44":
    version "7.0.0-beta.44"
    resolved "http://registry.npmjs.org/@babel/helper-plugin-utils/-/helper-plugin-utils-7.0.0-beta.44.tgz#9f590bc3ae6daa8a10b853233baa3e25d263751d"
  
  "@babel/helper-plugin-utils@^7.0.0":
    version "7.0.0"
    resolved "https://registry.yarnpkg.com/@babel/helper-plugin-utils/-/helper-plugin-utils-7.0.0.tgz#bbb3fbee98661c569034237cc03967ba99b4f250"
  
  "@babel/helper-regex@7.0.0-beta.44":
    version "7.0.0-beta.44"
    resolved "http://registry.npmjs.org/@babel/helper-regex/-/helper-regex-7.0.0-beta.44.tgz#f5b6828c1e40f0b74ab6ed90abdd52be0c38a74e"
    dependencies:
      lodash "^4.2.0"
  
  "@babel/helper-remap-async-to-generator@7.0.0-beta.44":
    version "7.0.0-beta.44"
    resolved "http://registry.npmjs.org/@babel/helper-remap-async-to-generator/-/helper-remap-async-to-generator-7.0.0-beta.44.tgz#8ad8c12a57444042ca281bdb16734841425938ad"
    dependencies:
      "@babel/helper-annotate-as-pure" "7.0.0-beta.44"
      "@babel/helper-wrap-function" "7.0.0-beta.44"
      "@babel/template" "7.0.0-beta.44"
      "@babel/traverse" "7.0.0-beta.44"
      "@babel/types" "7.0.0-beta.44"
  
  "@babel/helper-replace-supers@^7.1.0":
    version "7.1.0"
    resolved "https://registry.yarnpkg.com/@babel/helper-replace-supers/-/helper-replace-supers-7.1.0.tgz#5fc31de522ec0ef0899dc9b3e7cf6a5dd655f362"
    dependencies:
      "@babel/helper-member-expression-to-functions" "^7.0.0"
      "@babel/helper-optimise-call-expression" "^7.0.0"
      "@babel/traverse" "^7.1.0"
      "@babel/types" "^7.0.0"
  
  "@babel/helper-split-export-declaration@7.0.0-beta.44":
    version "7.0.0-beta.44"
    resolved "http://registry.npmjs.org/@babel/helper-split-export-declaration/-/helper-split-export-declaration-7.0.0-beta.44.tgz#c0b351735e0fbcb3822c8ad8db4e583b05ebd9dc"
    dependencies:
      "@babel/types" "7.0.0-beta.44"
  
  "@babel/helper-split-export-declaration@^7.0.0":
    version "7.0.0"
    resolved "https://registry.yarnpkg.com/@babel/helper-split-export-declaration/-/helper-split-export-declaration-7.0.0.tgz#3aae285c0311c2ab095d997b8c9a94cad547d813"
    dependencies:
      "@babel/types" "^7.0.0"
  
  "@babel/helper-wrap-function@7.0.0-beta.44":
    version "7.0.0-beta.44"
    resolved "http://registry.npmjs.org/@babel/helper-wrap-function/-/helper-wrap-function-7.0.0-beta.44.tgz#d128718a543f313264dff7cb386957e3e465c95d"
    dependencies:
      "@babel/helper-function-name" "7.0.0-beta.44"
      "@babel/template" "7.0.0-beta.44"
      "@babel/traverse" "7.0.0-beta.44"
      "@babel/types" "7.0.0-beta.44"
  
  "@babel/highlight@7.0.0-beta.44":
    version "7.0.0-beta.44"
    resolved "http://registry.npmjs.org/@babel/highlight/-/highlight-7.0.0-beta.44.tgz#18c94ce543916a80553edcdcf681890b200747d5"
    dependencies:
      chalk "^2.0.0"
      esutils "^2.0.2"
      js-tokens "^3.0.0"
  
  "@babel/highlight@^7.0.0":
    version "7.0.0"
    resolved "https://registry.yarnpkg.com/@babel/highlight/-/highlight-7.0.0.tgz#f710c38c8d458e6dd9a201afb637fcb781ce99e4"
    dependencies:
      chalk "^2.0.0"
      esutils "^2.0.2"
      js-tokens "^4.0.0"
  
  "@babel/parser@^7.2.2":
    version "7.2.2"
    resolved "https://registry.yarnpkg.com/@babel/parser/-/parser-7.2.2.tgz#37ebdbc88a2e1ebc6c8dd3d35ea9436e3e39e477"
  
  "@babel/plugin-proposal-async-generator-functions@7.0.0-beta.44":
    version "7.0.0-beta.44"
    resolved "http://registry.npmjs.org/@babel/plugin-proposal-async-generator-functions/-/plugin-proposal-async-generator-functions-7.0.0-beta.44.tgz#b08d90cd0f6a82e11cb5ae64eee4fba7d0d7999e"
    dependencies:
      "@babel/helper-plugin-utils" "7.0.0-beta.44"
      "@babel/helper-remap-async-to-generator" "7.0.0-beta.44"
      "@babel/plugin-syntax-async-generators" "7.0.0-beta.44"
  
  "@babel/plugin-proposal-class-properties@7.0.0-beta.44":
    version "7.0.0-beta.44"
    resolved "http://registry.npmjs.org/@babel/plugin-proposal-class-properties/-/plugin-proposal-class-properties-7.0.0-beta.44.tgz#aff9192a883b41fdf1c73026b9105c92e931c55e"
    dependencies:
      "@babel/helper-function-name" "7.0.0-beta.44"
      "@babel/helper-plugin-utils" "7.0.0-beta.44"
      "@babel/plugin-syntax-class-properties" "7.0.0-beta.44"
  
  "@babel/plugin-proposal-class-properties@^7.2.1":
    version "7.2.1"
    resolved "https://registry.yarnpkg.com/@babel/plugin-proposal-class-properties/-/plugin-proposal-class-properties-7.2.1.tgz#c734a53e0a1ec40fe5c22ee5069d26da3b187d05"
    dependencies:
      "@babel/helper-create-class-features-plugin" "^7.2.1"
      "@babel/helper-plugin-utils" "^7.0.0"
  
  "@babel/plugin-proposal-decorators@7.0.0-beta.44":
    version "7.0.0-beta.44"
    resolved "http://registry.npmjs.org/@babel/plugin-proposal-decorators/-/plugin-proposal-decorators-7.0.0-beta.44.tgz#287ba7d320f58b45e8fb7148b0d06fc6692c8c0d"
    dependencies:
      "@babel/helper-plugin-utils" "7.0.0-beta.44"
      "@babel/plugin-syntax-decorators" "7.0.0-beta.44"
  
  "@babel/plugin-proposal-do-expressions@7.0.0-beta.44":
    version "7.0.0-beta.44"
    resolved "http://registry.npmjs.org/@babel/plugin-proposal-do-expressions/-/plugin-proposal-do-expressions-7.0.0-beta.44.tgz#c88f2ef16388b27e039a941cbb0fd7e6dc8d85a3"
    dependencies:
      "@babel/helper-plugin-utils" "7.0.0-beta.44"
      "@babel/plugin-syntax-do-expressions" "7.0.0-beta.44"
  
  "@babel/plugin-proposal-export-default-from@7.0.0-beta.44":
    version "7.0.0-beta.44"
    resolved "http://registry.npmjs.org/@babel/plugin-proposal-export-default-from/-/plugin-proposal-export-default-from-7.0.0-beta.44.tgz#666745a42c9a5fc749a12a8f108134dff3056742"
    dependencies:
      "@babel/helper-plugin-utils" "7.0.0-beta.44"
      "@babel/plugin-syntax-export-default-from" "7.0.0-beta.44"
  
  "@babel/plugin-proposal-export-namespace-from@7.0.0-beta.44":
    version "7.0.0-beta.44"
    resolved "http://registry.npmjs.org/@babel/plugin-proposal-export-namespace-from/-/plugin-proposal-export-namespace-from-7.0.0-beta.44.tgz#00ac9d8a28addd88599d356f098894ae3d8ec1de"
    dependencies:
      "@babel/helper-plugin-utils" "7.0.0-beta.44"
      "@babel/plugin-syntax-export-namespace-from" "7.0.0-beta.44"
  
  "@babel/plugin-proposal-function-bind@7.0.0-beta.44":
    version "7.0.0-beta.44"
    resolved "http://registry.npmjs.org/@babel/plugin-proposal-function-bind/-/plugin-proposal-function-bind-7.0.0-beta.44.tgz#13fb4457c221ffba3e7b23f4074374e0781dbf98"
    dependencies:
      "@babel/helper-plugin-utils" "7.0.0-beta.44"
      "@babel/plugin-syntax-function-bind" "7.0.0-beta.44"
  
  "@babel/plugin-proposal-function-sent@7.0.0-beta.44":
    version "7.0.0-beta.44"
    resolved "http://registry.npmjs.org/@babel/plugin-proposal-function-sent/-/plugin-proposal-function-sent-7.0.0-beta.44.tgz#9137c9cf082c73e1014d3ecfb8f741bf466d5093"
    dependencies:
      "@babel/helper-plugin-utils" "7.0.0-beta.44"
      "@babel/helper-wrap-function" "7.0.0-beta.44"
      "@babel/plugin-syntax-function-sent" "7.0.0-beta.44"
  
  "@babel/plugin-proposal-logical-assignment-operators@7.0.0-beta.44":
    version "7.0.0-beta.44"
    resolved "http://registry.npmjs.org/@babel/plugin-proposal-logical-assignment-operators/-/plugin-proposal-logical-assignment-operators-7.0.0-beta.44.tgz#0c910d587a870e66c261253fa86555b785bf9f47"
    dependencies:
      "@babel/helper-plugin-utils" "7.0.0-beta.44"
      "@babel/plugin-syntax-logical-assignment-operators" "7.0.0-beta.44"
  
  "@babel/plugin-proposal-nullish-coalescing-operator@7.0.0-beta.44":
    version "7.0.0-beta.44"
    resolved "http://registry.npmjs.org/@babel/plugin-proposal-nullish-coalescing-operator/-/plugin-proposal-nullish-coalescing-operator-7.0.0-beta.44.tgz#595d86c78c978dd7121482d864a6586e7302dce1"
    dependencies:
      "@babel/helper-plugin-utils" "7.0.0-beta.44"
      "@babel/plugin-syntax-nullish-coalescing-operator" "7.0.0-beta.44"
  
  "@babel/plugin-proposal-numeric-separator@7.0.0-beta.44":
    version "7.0.0-beta.44"
    resolved "http://registry.npmjs.org/@babel/plugin-proposal-numeric-separator/-/plugin-proposal-numeric-separator-7.0.0-beta.44.tgz#48c580cdd055cd11c8d3abc94829bc6f830e18fd"
    dependencies:
      "@babel/helper-plugin-utils" "7.0.0-beta.44"
      "@babel/plugin-syntax-numeric-separator" "7.0.0-beta.44"
  
  "@babel/plugin-proposal-object-rest-spread@7.0.0-beta.44":
    version "7.0.0-beta.44"
    resolved "http://registry.npmjs.org/@babel/plugin-proposal-object-rest-spread/-/plugin-proposal-object-rest-spread-7.0.0-beta.44.tgz#b7817770cb9cf72f2e73ca6fcb83d61a87305259"
    dependencies:
      "@babel/helper-plugin-utils" "7.0.0-beta.44"
      "@babel/plugin-syntax-object-rest-spread" "7.0.0-beta.44"
  
  "@babel/plugin-proposal-optional-catch-binding@7.0.0-beta.44":
    version "7.0.0-beta.44"
    resolved "http://registry.npmjs.org/@babel/plugin-proposal-optional-catch-binding/-/plugin-proposal-optional-catch-binding-7.0.0-beta.44.tgz#87928d30c9fab4803cdba29f9c1260c16bc5d30f"
    dependencies:
      "@babel/helper-plugin-utils" "7.0.0-beta.44"
      "@babel/plugin-syntax-optional-catch-binding" "7.0.0-beta.44"
  
  "@babel/plugin-proposal-optional-chaining@7.0.0-beta.44":
    version "7.0.0-beta.44"
    resolved "http://registry.npmjs.org/@babel/plugin-proposal-optional-chaining/-/plugin-proposal-optional-chaining-7.0.0-beta.44.tgz#f90682a4ced3eaf80c906a349ce9faa424c0b211"
    dependencies:
      "@babel/helper-plugin-utils" "7.0.0-beta.44"
      "@babel/plugin-syntax-optional-chaining" "7.0.0-beta.44"
  
  "@babel/plugin-proposal-pipeline-operator@7.0.0-beta.44":
    version "7.0.0-beta.44"
    resolved "http://registry.npmjs.org/@babel/plugin-proposal-pipeline-operator/-/plugin-proposal-pipeline-operator-7.0.0-beta.44.tgz#233041e3cf11fd108044e3cf40ac6ae4645725b8"
    dependencies:
      "@babel/helper-plugin-utils" "7.0.0-beta.44"
      "@babel/plugin-syntax-pipeline-operator" "7.0.0-beta.44"
  
  "@babel/plugin-proposal-throw-expressions@7.0.0-beta.44":
    version "7.0.0-beta.44"
    resolved "http://registry.npmjs.org/@babel/plugin-proposal-throw-expressions/-/plugin-proposal-throw-expressions-7.0.0-beta.44.tgz#1e54689dddc733e4986371b6818adcea161531a3"
    dependencies:
      "@babel/helper-plugin-utils" "7.0.0-beta.44"
      "@babel/plugin-syntax-throw-expressions" "7.0.0-beta.44"
  
  "@babel/plugin-proposal-unicode-property-regex@7.0.0-beta.44":
    version "7.0.0-beta.44"
    resolved "http://registry.npmjs.org/@babel/plugin-proposal-unicode-property-regex/-/plugin-proposal-unicode-property-regex-7.0.0-beta.44.tgz#5efb0ddbe6635b4cb6674e961a16c28cef3cdb7f"
    dependencies:
      "@babel/helper-plugin-utils" "7.0.0-beta.44"
      "@babel/helper-regex" "7.0.0-beta.44"
      regexpu-core "^4.1.3"
  
  "@babel/plugin-syntax-async-generators@7.0.0-beta.44":
    version "7.0.0-beta.44"
    resolved "http://registry.npmjs.org/@babel/plugin-syntax-async-generators/-/plugin-syntax-async-generators-7.0.0-beta.44.tgz#5cf7ec4256ddd7df62654171059188bee2b3addc"
    dependencies:
      "@babel/helper-plugin-utils" "7.0.0-beta.44"
  
  "@babel/plugin-syntax-class-properties@7.0.0-beta.44":
    version "7.0.0-beta.44"
    resolved "http://registry.npmjs.org/@babel/plugin-syntax-class-properties/-/plugin-syntax-class-properties-7.0.0-beta.44.tgz#1e4e67ef6d7101a3a7d2ae5f60e580cbf4b7750f"
    dependencies:
      "@babel/helper-plugin-utils" "7.0.0-beta.44"
  
  "@babel/plugin-syntax-decorators@7.0.0-beta.44":
    version "7.0.0-beta.44"
    resolved "http://registry.npmjs.org/@babel/plugin-syntax-decorators/-/plugin-syntax-decorators-7.0.0-beta.44.tgz#f56e4ce94d67e0189532305af32b9d2ac2902e65"
    dependencies:
      "@babel/helper-plugin-utils" "7.0.0-beta.44"
  
  "@babel/plugin-syntax-do-expressions@7.0.0-beta.44":
    version "7.0.0-beta.44"
    resolved "http://registry.npmjs.org/@babel/plugin-syntax-do-expressions/-/plugin-syntax-do-expressions-7.0.0-beta.44.tgz#3a0a5cd812edb2fed1e2b9c8d91670864b46f1f3"
    dependencies:
      "@babel/helper-plugin-utils" "7.0.0-beta.44"
  
  "@babel/plugin-syntax-dynamic-import@7.0.0-beta.44":
    version "7.0.0-beta.44"
    resolved "http://registry.npmjs.org/@babel/plugin-syntax-dynamic-import/-/plugin-syntax-dynamic-import-7.0.0-beta.44.tgz#1a7d009f892bc9799dcb22ace4bd24198eef8992"
    dependencies:
      "@babel/helper-plugin-utils" "7.0.0-beta.44"
  
  "@babel/plugin-syntax-export-default-from@7.0.0-beta.44":
    version "7.0.0-beta.44"
    resolved "http://registry.npmjs.org/@babel/plugin-syntax-export-default-from/-/plugin-syntax-export-default-from-7.0.0-beta.44.tgz#108c34c48d325417d15b9005aceaffa310adf92a"
    dependencies:
      "@babel/helper-plugin-utils" "7.0.0-beta.44"
  
  "@babel/plugin-syntax-export-namespace-from@7.0.0-beta.44":
    version "7.0.0-beta.44"
    resolved "http://registry.npmjs.org/@babel/plugin-syntax-export-namespace-from/-/plugin-syntax-export-namespace-from-7.0.0-beta.44.tgz#c75a1607a453b74fe83d3bccf442931a7021209b"
    dependencies:
      "@babel/helper-plugin-utils" "7.0.0-beta.44"
  
  "@babel/plugin-syntax-function-bind@7.0.0-beta.44":
    version "7.0.0-beta.44"
    resolved "http://registry.npmjs.org/@babel/plugin-syntax-function-bind/-/plugin-syntax-function-bind-7.0.0-beta.44.tgz#5f0ebca8144fc89ff3c8442f94a5af33ca9139f0"
    dependencies:
      "@babel/helper-plugin-utils" "7.0.0-beta.44"
  
  "@babel/plugin-syntax-function-sent@7.0.0-beta.44":
    version "7.0.0-beta.44"
    resolved "http://registry.npmjs.org/@babel/plugin-syntax-function-sent/-/plugin-syntax-function-sent-7.0.0-beta.44.tgz#2f1075e365d1df700cb54bc2434c72f5246f6526"
    dependencies:
      "@babel/helper-plugin-utils" "7.0.0-beta.44"
  
  "@babel/plugin-syntax-import-meta@7.0.0-beta.44":
    version "7.0.0-beta.44"
    resolved "http://registry.npmjs.org/@babel/plugin-syntax-import-meta/-/plugin-syntax-import-meta-7.0.0-beta.44.tgz#48d0af27aac06938542cc71abda014301af2dc13"
    dependencies:
      "@babel/helper-plugin-utils" "7.0.0-beta.44"
  
  "@babel/plugin-syntax-logical-assignment-operators@7.0.0-beta.44":
    version "7.0.0-beta.44"
    resolved "http://registry.npmjs.org/@babel/plugin-syntax-logical-assignment-operators/-/plugin-syntax-logical-assignment-operators-7.0.0-beta.44.tgz#9886e994045494fc7f6c91a8dc86988bf98849e1"
    dependencies:
      "@babel/helper-plugin-utils" "7.0.0-beta.44"
  
  "@babel/plugin-syntax-nullish-coalescing-operator@7.0.0-beta.44":
    version "7.0.0-beta.44"
    resolved "http://registry.npmjs.org/@babel/plugin-syntax-nullish-coalescing-operator/-/plugin-syntax-nullish-coalescing-operator-7.0.0-beta.44.tgz#a2b8a342636f0c43a17bcdebef558aa74ef2794b"
    dependencies:
      "@babel/helper-plugin-utils" "7.0.0-beta.44"
  
  "@babel/plugin-syntax-numeric-separator@7.0.0-beta.44":
    version "7.0.0-beta.44"
    resolved "http://registry.npmjs.org/@babel/plugin-syntax-numeric-separator/-/plugin-syntax-numeric-separator-7.0.0-beta.44.tgz#f692545d4011e541bf948338b6e856cefb78e27e"
    dependencies:
      "@babel/helper-plugin-utils" "7.0.0-beta.44"
  
  "@babel/plugin-syntax-object-rest-spread@7.0.0-beta.44":
    version "7.0.0-beta.44"
    resolved "http://registry.npmjs.org/@babel/plugin-syntax-object-rest-spread/-/plugin-syntax-object-rest-spread-7.0.0-beta.44.tgz#c37d271e4edf8a1b5d4623fb2917ba0f5a9da3b3"
    dependencies:
      "@babel/helper-plugin-utils" "7.0.0-beta.44"
  
  "@babel/plugin-syntax-optional-catch-binding@7.0.0-beta.44":
    version "7.0.0-beta.44"
    resolved "http://registry.npmjs.org/@babel/plugin-syntax-optional-catch-binding/-/plugin-syntax-optional-catch-binding-7.0.0-beta.44.tgz#c79ee93c371831b104bb0a1cc9c85ac5373af4f3"
    dependencies:
      "@babel/helper-plugin-utils" "7.0.0-beta.44"
  
  "@babel/plugin-syntax-optional-chaining@7.0.0-beta.44":
    version "7.0.0-beta.44"
    resolved "http://registry.npmjs.org/@babel/plugin-syntax-optional-chaining/-/plugin-syntax-optional-chaining-7.0.0-beta.44.tgz#3e41156dc1cc94b1b6cc21cfb96e50dda4ad9986"
    dependencies:
      "@babel/helper-plugin-utils" "7.0.0-beta.44"
  
  "@babel/plugin-syntax-pipeline-operator@7.0.0-beta.44":
    version "7.0.0-beta.44"
    resolved "http://registry.npmjs.org/@babel/plugin-syntax-pipeline-operator/-/plugin-syntax-pipeline-operator-7.0.0-beta.44.tgz#ab5af2743b05a542abab74d1d52a0fbd76889770"
    dependencies:
      "@babel/helper-plugin-utils" "7.0.0-beta.44"
  
  "@babel/plugin-syntax-throw-expressions@7.0.0-beta.44":
    version "7.0.0-beta.44"
    resolved "http://registry.npmjs.org/@babel/plugin-syntax-throw-expressions/-/plugin-syntax-throw-expressions-7.0.0-beta.44.tgz#e2d1c33690e62f82d61e5d0b07af3267732159bf"
    dependencies:
      "@babel/helper-plugin-utils" "7.0.0-beta.44"
  
  "@babel/preset-stage-0@^7.0.0-beta.44":
    version "7.0.0-beta.44"
    resolved "http://registry.npmjs.org/@babel/preset-stage-0/-/preset-stage-0-7.0.0-beta.44.tgz#a6bbf2173f6d8ff746d9397bd836cacb5401cda0"
    dependencies:
      "@babel/helper-plugin-utils" "7.0.0-beta.44"
      "@babel/plugin-proposal-function-bind" "7.0.0-beta.44"
      "@babel/preset-stage-1" "7.0.0-beta.44"
  
  "@babel/preset-stage-1@7.0.0-beta.44":
    version "7.0.0-beta.44"
    resolved "http://registry.npmjs.org/@babel/preset-stage-1/-/preset-stage-1-7.0.0-beta.44.tgz#ee741bdfd873654cd985dce7d77e47b5c30c289a"
    dependencies:
      "@babel/helper-plugin-utils" "7.0.0-beta.44"
      "@babel/plugin-proposal-decorators" "7.0.0-beta.44"
      "@babel/plugin-proposal-do-expressions" "7.0.0-beta.44"
      "@babel/plugin-proposal-export-default-from" "7.0.0-beta.44"
      "@babel/plugin-proposal-logical-assignment-operators" "7.0.0-beta.44"
      "@babel/plugin-proposal-nullish-coalescing-operator" "7.0.0-beta.44"
      "@babel/plugin-proposal-optional-chaining" "7.0.0-beta.44"
      "@babel/plugin-proposal-pipeline-operator" "7.0.0-beta.44"
      "@babel/preset-stage-2" "7.0.0-beta.44"
  
  "@babel/preset-stage-2@7.0.0-beta.44":
    version "7.0.0-beta.44"
    resolved "http://registry.npmjs.org/@babel/preset-stage-2/-/preset-stage-2-7.0.0-beta.44.tgz#1e435afc4d47acdee54fc6ba6a107c84eebf16f5"
    dependencies:
      "@babel/helper-plugin-utils" "7.0.0-beta.44"
      "@babel/plugin-proposal-export-namespace-from" "7.0.0-beta.44"
      "@babel/plugin-proposal-function-sent" "7.0.0-beta.44"
      "@babel/plugin-proposal-numeric-separator" "7.0.0-beta.44"
      "@babel/plugin-proposal-throw-expressions" "7.0.0-beta.44"
      "@babel/preset-stage-3" "7.0.0-beta.44"
  
  "@babel/preset-stage-3@7.0.0-beta.44":
    version "7.0.0-beta.44"
    resolved "http://registry.npmjs.org/@babel/preset-stage-3/-/preset-stage-3-7.0.0-beta.44.tgz#954e485be21bd76627aa449b15b9a748757ac440"
    dependencies:
      "@babel/helper-plugin-utils" "7.0.0-beta.44"
      "@babel/plugin-proposal-async-generator-functions" "7.0.0-beta.44"
      "@babel/plugin-proposal-class-properties" "7.0.0-beta.44"
      "@babel/plugin-proposal-object-rest-spread" "7.0.0-beta.44"
      "@babel/plugin-proposal-optional-catch-binding" "7.0.0-beta.44"
      "@babel/plugin-proposal-unicode-property-regex" "7.0.0-beta.44"
      "@babel/plugin-syntax-dynamic-import" "7.0.0-beta.44"
      "@babel/plugin-syntax-import-meta" "7.0.0-beta.44"
  
  "@babel/template@7.0.0-beta.44":
    version "7.0.0-beta.44"
    resolved "http://registry.npmjs.org/@babel/template/-/template-7.0.0-beta.44.tgz#f8832f4fdcee5d59bf515e595fc5106c529b394f"
    dependencies:
      "@babel/code-frame" "7.0.0-beta.44"
      "@babel/types" "7.0.0-beta.44"
      babylon "7.0.0-beta.44"
      lodash "^4.2.0"
  
  "@babel/template@^7.1.0":
    version "7.2.2"
    resolved "https://registry.yarnpkg.com/@babel/template/-/template-7.2.2.tgz#005b3fdf0ed96e88041330379e0da9a708eb2907"
    dependencies:
      "@babel/code-frame" "^7.0.0"
      "@babel/parser" "^7.2.2"
      "@babel/types" "^7.2.2"
  
  "@babel/traverse@7.0.0-beta.44":
    version "7.0.0-beta.44"
    resolved "http://registry.npmjs.org/@babel/traverse/-/traverse-7.0.0-beta.44.tgz#a970a2c45477ad18017e2e465a0606feee0d2966"
    dependencies:
      "@babel/code-frame" "7.0.0-beta.44"
      "@babel/generator" "7.0.0-beta.44"
      "@babel/helper-function-name" "7.0.0-beta.44"
      "@babel/helper-split-export-declaration" "7.0.0-beta.44"
      "@babel/types" "7.0.0-beta.44"
      babylon "7.0.0-beta.44"
      debug "^3.1.0"
      globals "^11.1.0"
      invariant "^2.2.0"
      lodash "^4.2.0"
  
  "@babel/traverse@^7.1.0":
    version "7.2.2"
    resolved "https://registry.yarnpkg.com/@babel/traverse/-/traverse-7.2.2.tgz#961039de1f9bcb946d807efe2dba9c92e859d188"
    dependencies:
      "@babel/code-frame" "^7.0.0"
      "@babel/generator" "^7.2.2"
      "@babel/helper-function-name" "^7.1.0"
      "@babel/helper-split-export-declaration" "^7.0.0"
      "@babel/parser" "^7.2.2"
      "@babel/types" "^7.2.2"
      debug "^4.1.0"
      globals "^11.1.0"
      lodash "^4.17.10"
  
  "@babel/types@7.0.0-beta.44":
    version "7.0.0-beta.44"
    resolved "http://registry.npmjs.org/@babel/types/-/types-7.0.0-beta.44.tgz#6b1b164591f77dec0a0342aca995f2d046b3a757"
    dependencies:
      esutils "^2.0.2"
      lodash "^4.2.0"
      to-fast-properties "^2.0.0"
  
  "@babel/types@^7.0.0", "@babel/types@^7.2.2":
    version "7.2.2"
    resolved "https://registry.yarnpkg.com/@babel/types/-/types-7.2.2.tgz#44e10fc24e33af524488b716cdaee5360ea8ed1e"
    dependencies:
      esutils "^2.0.2"
      lodash "^4.17.10"
      to-fast-properties "^2.0.0"
  
  amdefine@>=0.0.4:
    version "1.0.1"
    resolved "https://registry.yarnpkg.com/amdefine/-/amdefine-1.0.1.tgz#4a5282ac164729e93619bcfd3ad151f817ce91f5"
  
  ansi-regex@^2.0.0:
    version "2.1.1"
    resolved "https://registry.yarnpkg.com/ansi-regex/-/ansi-regex-2.1.1.tgz#c3b33ab5ee360d86e0e628f0468ae7ef27d654df"
  
  ansi-styles@^2.2.1:
    version "2.2.1"
    resolved "https://registry.yarnpkg.com/ansi-styles/-/ansi-styles-2.2.1.tgz#b432dd3358b634cf75e1e4664368240533c1ddbe"
  
  ansi-styles@^3.2.1:
    version "3.2.1"
    resolved "https://registry.yarnpkg.com/ansi-styles/-/ansi-styles-3.2.1.tgz#41fbb20243e50b12be0f04b8dedbf07520ce841d"
    dependencies:
      color-convert "^1.9.0"
  
  babel-code-frame@^6.26.0:
    version "6.26.0"
    resolved "https://registry.yarnpkg.com/babel-code-frame/-/babel-code-frame-6.26.0.tgz#63fd43f7dc1e3bb7ce35947db8fe369a3f58c74b"
    dependencies:
      chalk "^1.1.3"
      esutils "^2.0.2"
      js-tokens "^3.0.2"
  
  babel-core@^6.26.0, babel-core@^6.26.3:
    version "6.26.3"
    resolved "https://registry.yarnpkg.com/babel-core/-/babel-core-6.26.3.tgz#b2e2f09e342d0f0c88e2f02e067794125e75c207"
    dependencies:
      babel-code-frame "^6.26.0"
      babel-generator "^6.26.0"
      babel-helpers "^6.24.1"
      babel-messages "^6.23.0"
      babel-register "^6.26.0"
      babel-runtime "^6.26.0"
      babel-template "^6.26.0"
      babel-traverse "^6.26.0"
      babel-types "^6.26.0"
      babylon "^6.18.0"
      convert-source-map "^1.5.1"
      debug "^2.6.9"
      json5 "^0.5.1"
      lodash "^4.17.4"
      minimatch "^3.0.4"
      path-is-absolute "^1.0.1"
      private "^0.1.8"
      slash "^1.0.0"
      source-map "^0.5.7"
  
  babel-generator@^6.26.0:
    version "6.26.1"
    resolved "https://registry.yarnpkg.com/babel-generator/-/babel-generator-6.26.1.tgz#1844408d3b8f0d35a404ea7ac180f087a601bd90"
    dependencies:
      babel-messages "^6.23.0"
      babel-runtime "^6.26.0"
      babel-types "^6.26.0"
      detect-indent "^4.0.0"
      jsesc "^1.3.0"
      lodash "^4.17.4"
      source-map "^0.5.7"
      trim-right "^1.0.1"
  
  babel-helper-builder-binary-assignment-operator-visitor@^6.24.1:
    version "6.24.1"
    resolved "https://registry.yarnpkg.com/babel-helper-builder-binary-assignment-operator-visitor/-/babel-helper-builder-binary-assignment-operator-visitor-6.24.1.tgz#cce4517ada356f4220bcae8a02c2b346f9a56664"
    dependencies:
      babel-helper-explode-assignable-expression "^6.24.1"
      babel-runtime "^6.22.0"
      babel-types "^6.24.1"
  
  babel-helper-call-delegate@^6.24.1:
    version "6.24.1"
    resolved "https://registry.yarnpkg.com/babel-helper-call-delegate/-/babel-helper-call-delegate-6.24.1.tgz#ece6aacddc76e41c3461f88bfc575bd0daa2df8d"
    dependencies:
      babel-helper-hoist-variables "^6.24.1"
      babel-runtime "^6.22.0"
      babel-traverse "^6.24.1"
      babel-types "^6.24.1"
  
  babel-helper-define-map@^6.24.1:
    version "6.26.0"
    resolved "https://registry.yarnpkg.com/babel-helper-define-map/-/babel-helper-define-map-6.26.0.tgz#a5f56dab41a25f97ecb498c7ebaca9819f95be5f"
    dependencies:
      babel-helper-function-name "^6.24.1"
      babel-runtime "^6.26.0"
      babel-types "^6.26.0"
      lodash "^4.17.4"
  
  babel-helper-explode-assignable-expression@^6.24.1:
    version "6.24.1"
    resolved "https://registry.yarnpkg.com/babel-helper-explode-assignable-expression/-/babel-helper-explode-assignable-expression-6.24.1.tgz#f25b82cf7dc10433c55f70592d5746400ac22caa"
    dependencies:
      babel-runtime "^6.22.0"
      babel-traverse "^6.24.1"
      babel-types "^6.24.1"
  
  babel-helper-function-name@^6.24.1:
    version "6.24.1"
    resolved "https://registry.yarnpkg.com/babel-helper-function-name/-/babel-helper-function-name-6.24.1.tgz#d3475b8c03ed98242a25b48351ab18399d3580a9"
    dependencies:
      babel-helper-get-function-arity "^6.24.1"
      babel-runtime "^6.22.0"
      babel-template "^6.24.1"
      babel-traverse "^6.24.1"
      babel-types "^6.24.1"
  
  babel-helper-get-function-arity@^6.24.1:
    version "6.24.1"
    resolved "https://registry.yarnpkg.com/babel-helper-get-function-arity/-/babel-helper-get-function-arity-6.24.1.tgz#8f7782aa93407c41d3aa50908f89b031b1b6853d"
    dependencies:
      babel-runtime "^6.22.0"
      babel-types "^6.24.1"
  
  babel-helper-hoist-variables@^6.24.1:
    version "6.24.1"
    resolved "https://registry.yarnpkg.com/babel-helper-hoist-variables/-/babel-helper-hoist-variables-6.24.1.tgz#1ecb27689c9d25513eadbc9914a73f5408be7a76"
    dependencies:
      babel-runtime "^6.22.0"
      babel-types "^6.24.1"
  
  babel-helper-optimise-call-expression@^6.24.1:
    version "6.24.1"
    resolved "https://registry.yarnpkg.com/babel-helper-optimise-call-expression/-/babel-helper-optimise-call-expression-6.24.1.tgz#f7a13427ba9f73f8f4fa993c54a97882d1244257"
    dependencies:
      babel-runtime "^6.22.0"
      babel-types "^6.24.1"
  
  babel-helper-regex@^6.24.1:
    version "6.26.0"
    resolved "https://registry.yarnpkg.com/babel-helper-regex/-/babel-helper-regex-6.26.0.tgz#325c59f902f82f24b74faceed0363954f6495e72"
    dependencies:
      babel-runtime "^6.26.0"
      babel-types "^6.26.0"
      lodash "^4.17.4"
  
  babel-helper-remap-async-to-generator@^6.24.1:
    version "6.24.1"
    resolved "https://registry.yarnpkg.com/babel-helper-remap-async-to-generator/-/babel-helper-remap-async-to-generator-6.24.1.tgz#5ec581827ad723fecdd381f1c928390676e4551b"
    dependencies:
      babel-helper-function-name "^6.24.1"
      babel-runtime "^6.22.0"
      babel-template "^6.24.1"
      babel-traverse "^6.24.1"
      babel-types "^6.24.1"
  
  babel-helper-replace-supers@^6.24.1:
    version "6.24.1"
    resolved "https://registry.yarnpkg.com/babel-helper-replace-supers/-/babel-helper-replace-supers-6.24.1.tgz#bf6dbfe43938d17369a213ca8a8bf74b6a90ab1a"
    dependencies:
      babel-helper-optimise-call-expression "^6.24.1"
      babel-messages "^6.23.0"
      babel-runtime "^6.22.0"
      babel-template "^6.24.1"
      babel-traverse "^6.24.1"
      babel-types "^6.24.1"
  
  babel-helpers@^6.24.1:
    version "6.24.1"
    resolved "https://registry.yarnpkg.com/babel-helpers/-/babel-helpers-6.24.1.tgz#3471de9caec388e5c850e597e58a26ddf37602b2"
    dependencies:
      babel-runtime "^6.22.0"
      babel-template "^6.24.1"
  
  babel-messages@^6.23.0:
    version "6.23.0"
    resolved "https://registry.yarnpkg.com/babel-messages/-/babel-messages-6.23.0.tgz#f3cdf4703858035b2a2951c6ec5edf6c62f2630e"
    dependencies:
      babel-runtime "^6.22.0"
  
  babel-plugin-check-es2015-constants@^6.22.0:
    version "6.22.0"
    resolved "https://registry.yarnpkg.com/babel-plugin-check-es2015-constants/-/babel-plugin-check-es2015-constants-6.22.0.tgz#35157b101426fd2ffd3da3f75c7d1e91835bbf8a"
    dependencies:
      babel-runtime "^6.22.0"
  
  babel-plugin-syntax-async-functions@^6.8.0:
    version "6.13.0"
    resolved "http://registry.npmjs.org/babel-plugin-syntax-async-functions/-/babel-plugin-syntax-async-functions-6.13.0.tgz#cad9cad1191b5ad634bf30ae0872391e0647be95"
  
  babel-plugin-syntax-exponentiation-operator@^6.8.0:
    version "6.13.0"
    resolved "http://registry.npmjs.org/babel-plugin-syntax-exponentiation-operator/-/babel-plugin-syntax-exponentiation-operator-6.13.0.tgz#9ee7e8337290da95288201a6a57f4170317830de"
  
  babel-plugin-syntax-trailing-function-commas@^6.22.0:
    version "6.22.0"
    resolved "https://registry.yarnpkg.com/babel-plugin-syntax-trailing-function-commas/-/babel-plugin-syntax-trailing-function-commas-6.22.0.tgz#ba0360937f8d06e40180a43fe0d5616fff532cf3"
  
  babel-plugin-transform-async-to-generator@^6.22.0:
    version "6.24.1"
    resolved "https://registry.yarnpkg.com/babel-plugin-transform-async-to-generator/-/babel-plugin-transform-async-to-generator-6.24.1.tgz#6536e378aff6cb1d5517ac0e40eb3e9fc8d08761"
    dependencies:
      babel-helper-remap-async-to-generator "^6.24.1"
      babel-plugin-syntax-async-functions "^6.8.0"
      babel-runtime "^6.22.0"
  
  babel-plugin-transform-es2015-arrow-functions@^6.22.0:
    version "6.22.0"
    resolved "https://registry.yarnpkg.com/babel-plugin-transform-es2015-arrow-functions/-/babel-plugin-transform-es2015-arrow-functions-6.22.0.tgz#452692cb711d5f79dc7f85e440ce41b9f244d221"
    dependencies:
      babel-runtime "^6.22.0"
  
  babel-plugin-transform-es2015-block-scoped-functions@^6.22.0:
    version "6.22.0"
    resolved "https://registry.yarnpkg.com/babel-plugin-transform-es2015-block-scoped-functions/-/babel-plugin-transform-es2015-block-scoped-functions-6.22.0.tgz#bbc51b49f964d70cb8d8e0b94e820246ce3a6141"
    dependencies:
      babel-runtime "^6.22.0"
  
  babel-plugin-transform-es2015-block-scoping@^6.23.0:
    version "6.26.0"
    resolved "https://registry.yarnpkg.com/babel-plugin-transform-es2015-block-scoping/-/babel-plugin-transform-es2015-block-scoping-6.26.0.tgz#d70f5299c1308d05c12f463813b0a09e73b1895f"
    dependencies:
      babel-runtime "^6.26.0"
      babel-template "^6.26.0"
      babel-traverse "^6.26.0"
      babel-types "^6.26.0"
      lodash "^4.17.4"
  
  babel-plugin-transform-es2015-classes@^6.23.0:
    version "6.24.1"
    resolved "https://registry.yarnpkg.com/babel-plugin-transform-es2015-classes/-/babel-plugin-transform-es2015-classes-6.24.1.tgz#5a4c58a50c9c9461e564b4b2a3bfabc97a2584db"
    dependencies:
      babel-helper-define-map "^6.24.1"
      babel-helper-function-name "^6.24.1"
      babel-helper-optimise-call-expression "^6.24.1"
      babel-helper-replace-supers "^6.24.1"
      babel-messages "^6.23.0"
      babel-runtime "^6.22.0"
      babel-template "^6.24.1"
      babel-traverse "^6.24.1"
      babel-types "^6.24.1"
  
  babel-plugin-transform-es2015-computed-properties@^6.22.0:
    version "6.24.1"
    resolved "https://registry.yarnpkg.com/babel-plugin-transform-es2015-computed-properties/-/babel-plugin-transform-es2015-computed-properties-6.24.1.tgz#6fe2a8d16895d5634f4cd999b6d3480a308159b3"
    dependencies:
      babel-runtime "^6.22.0"
      babel-template "^6.24.1"
  
  babel-plugin-transform-es2015-destructuring@^6.23.0:
    version "6.23.0"
    resolved "https://registry.yarnpkg.com/babel-plugin-transform-es2015-destructuring/-/babel-plugin-transform-es2015-destructuring-6.23.0.tgz#997bb1f1ab967f682d2b0876fe358d60e765c56d"
    dependencies:
      babel-runtime "^6.22.0"
  
  babel-plugin-transform-es2015-duplicate-keys@^6.22.0:
    version "6.24.1"
    resolved "https://registry.yarnpkg.com/babel-plugin-transform-es2015-duplicate-keys/-/babel-plugin-transform-es2015-duplicate-keys-6.24.1.tgz#73eb3d310ca969e3ef9ec91c53741a6f1576423e"
    dependencies:
      babel-runtime "^6.22.0"
      babel-types "^6.24.1"
  
  babel-plugin-transform-es2015-for-of@^6.23.0:
    version "6.23.0"
    resolved "https://registry.yarnpkg.com/babel-plugin-transform-es2015-for-of/-/babel-plugin-transform-es2015-for-of-6.23.0.tgz#f47c95b2b613df1d3ecc2fdb7573623c75248691"
    dependencies:
      babel-runtime "^6.22.0"
  
  babel-plugin-transform-es2015-function-name@^6.22.0:
    version "6.24.1"
    resolved "https://registry.yarnpkg.com/babel-plugin-transform-es2015-function-name/-/babel-plugin-transform-es2015-function-name-6.24.1.tgz#834c89853bc36b1af0f3a4c5dbaa94fd8eacaa8b"
    dependencies:
      babel-helper-function-name "^6.24.1"
      babel-runtime "^6.22.0"
      babel-types "^6.24.1"
  
  babel-plugin-transform-es2015-literals@^6.22.0:
    version "6.22.0"
    resolved "https://registry.yarnpkg.com/babel-plugin-transform-es2015-literals/-/babel-plugin-transform-es2015-literals-6.22.0.tgz#4f54a02d6cd66cf915280019a31d31925377ca2e"
    dependencies:
      babel-runtime "^6.22.0"
  
  babel-plugin-transform-es2015-modules-amd@^6.22.0, babel-plugin-transform-es2015-modules-amd@^6.24.1:
    version "6.24.1"
    resolved "https://registry.yarnpkg.com/babel-plugin-transform-es2015-modules-amd/-/babel-plugin-transform-es2015-modules-amd-6.24.1.tgz#3b3e54017239842d6d19c3011c4bd2f00a00d154"
    dependencies:
      babel-plugin-transform-es2015-modules-commonjs "^6.24.1"
      babel-runtime "^6.22.0"
      babel-template "^6.24.1"
  
  babel-plugin-transform-es2015-modules-commonjs@^6.23.0, babel-plugin-transform-es2015-modules-commonjs@^6.24.1:
    version "6.26.2"
    resolved "https://registry.yarnpkg.com/babel-plugin-transform-es2015-modules-commonjs/-/babel-plugin-transform-es2015-modules-commonjs-6.26.2.tgz#58a793863a9e7ca870bdc5a881117ffac27db6f3"
    dependencies:
      babel-plugin-transform-strict-mode "^6.24.1"
      babel-runtime "^6.26.0"
      babel-template "^6.26.0"
      babel-types "^6.26.0"
  
  babel-plugin-transform-es2015-modules-systemjs@^6.23.0:
    version "6.24.1"
    resolved "https://registry.yarnpkg.com/babel-plugin-transform-es2015-modules-systemjs/-/babel-plugin-transform-es2015-modules-systemjs-6.24.1.tgz#ff89a142b9119a906195f5f106ecf305d9407d23"
    dependencies:
      babel-helper-hoist-variables "^6.24.1"
      babel-runtime "^6.22.0"
      babel-template "^6.24.1"
  
  babel-plugin-transform-es2015-modules-umd@^6.23.0:
    version "6.24.1"
    resolved "https://registry.yarnpkg.com/babel-plugin-transform-es2015-modules-umd/-/babel-plugin-transform-es2015-modules-umd-6.24.1.tgz#ac997e6285cd18ed6176adb607d602344ad38468"
    dependencies:
      babel-plugin-transform-es2015-modules-amd "^6.24.1"
      babel-runtime "^6.22.0"
      babel-template "^6.24.1"
  
  babel-plugin-transform-es2015-object-super@^6.22.0:
    version "6.24.1"
    resolved "https://registry.yarnpkg.com/babel-plugin-transform-es2015-object-super/-/babel-plugin-transform-es2015-object-super-6.24.1.tgz#24cef69ae21cb83a7f8603dad021f572eb278f8d"
    dependencies:
      babel-helper-replace-supers "^6.24.1"
      babel-runtime "^6.22.0"
  
  babel-plugin-transform-es2015-parameters@^6.23.0:
    version "6.24.1"
    resolved "https://registry.yarnpkg.com/babel-plugin-transform-es2015-parameters/-/babel-plugin-transform-es2015-parameters-6.24.1.tgz#57ac351ab49caf14a97cd13b09f66fdf0a625f2b"
    dependencies:
      babel-helper-call-delegate "^6.24.1"
      babel-helper-get-function-arity "^6.24.1"
      babel-runtime "^6.22.0"
      babel-template "^6.24.1"
      babel-traverse "^6.24.1"
      babel-types "^6.24.1"
  
  babel-plugin-transform-es2015-shorthand-properties@^6.22.0:
    version "6.24.1"
    resolved "https://registry.yarnpkg.com/babel-plugin-transform-es2015-shorthand-properties/-/babel-plugin-transform-es2015-shorthand-properties-6.24.1.tgz#24f875d6721c87661bbd99a4622e51f14de38aa0"
    dependencies:
      babel-runtime "^6.22.0"
      babel-types "^6.24.1"
  
  babel-plugin-transform-es2015-spread@^6.22.0:
    version "6.22.0"
    resolved "https://registry.yarnpkg.com/babel-plugin-transform-es2015-spread/-/babel-plugin-transform-es2015-spread-6.22.0.tgz#d6d68a99f89aedc4536c81a542e8dd9f1746f8d1"
    dependencies:
      babel-runtime "^6.22.0"
  
  babel-plugin-transform-es2015-sticky-regex@^6.22.0:
    version "6.24.1"
    resolved "https://registry.yarnpkg.com/babel-plugin-transform-es2015-sticky-regex/-/babel-plugin-transform-es2015-sticky-regex-6.24.1.tgz#00c1cdb1aca71112cdf0cf6126c2ed6b457ccdbc"
    dependencies:
      babel-helper-regex "^6.24.1"
      babel-runtime "^6.22.0"
      babel-types "^6.24.1"
  
  babel-plugin-transform-es2015-template-literals@^6.22.0:
    version "6.22.0"
    resolved "https://registry.yarnpkg.com/babel-plugin-transform-es2015-template-literals/-/babel-plugin-transform-es2015-template-literals-6.22.0.tgz#a84b3450f7e9f8f1f6839d6d687da84bb1236d8d"
    dependencies:
      babel-runtime "^6.22.0"
  
  babel-plugin-transform-es2015-typeof-symbol@^6.23.0:
    version "6.23.0"
    resolved "https://registry.yarnpkg.com/babel-plugin-transform-es2015-typeof-symbol/-/babel-plugin-transform-es2015-typeof-symbol-6.23.0.tgz#dec09f1cddff94b52ac73d505c84df59dcceb372"
    dependencies:
      babel-runtime "^6.22.0"
  
  babel-plugin-transform-es2015-unicode-regex@^6.22.0:
    version "6.24.1"
    resolved "https://registry.yarnpkg.com/babel-plugin-transform-es2015-unicode-regex/-/babel-plugin-transform-es2015-unicode-regex-6.24.1.tgz#d38b12f42ea7323f729387f18a7c5ae1faeb35e9"
    dependencies:
      babel-helper-regex "^6.24.1"
      babel-runtime "^6.22.0"
      regexpu-core "^2.0.0"
  
  babel-plugin-transform-exponentiation-operator@^6.22.0:
    version "6.24.1"
    resolved "https://registry.yarnpkg.com/babel-plugin-transform-exponentiation-operator/-/babel-plugin-transform-exponentiation-operator-6.24.1.tgz#2ab0c9c7f3098fa48907772bb813fe41e8de3a0e"
    dependencies:
      babel-helper-builder-binary-assignment-operator-visitor "^6.24.1"
      babel-plugin-syntax-exponentiation-operator "^6.8.0"
      babel-runtime "^6.22.0"
  
  babel-plugin-transform-regenerator@^6.22.0:
    version "6.26.0"
    resolved "https://registry.yarnpkg.com/babel-plugin-transform-regenerator/-/babel-plugin-transform-regenerator-6.26.0.tgz#e0703696fbde27f0a3efcacf8b4dca2f7b3a8f2f"
    dependencies:
      regenerator-transform "^0.10.0"
  
  babel-plugin-transform-strict-mode@^6.24.1:
    version "6.24.1"
    resolved "https://registry.yarnpkg.com/babel-plugin-transform-strict-mode/-/babel-plugin-transform-strict-mode-6.24.1.tgz#d5faf7aa578a65bbe591cf5edae04a0c67020758"
    dependencies:
      babel-runtime "^6.22.0"
      babel-types "^6.24.1"
  
  babel-preset-env@^1.7.0:
    version "1.7.0"
    resolved "https://registry.yarnpkg.com/babel-preset-env/-/babel-preset-env-1.7.0.tgz#dea79fa4ebeb883cd35dab07e260c1c9c04df77a"
    dependencies:
      babel-plugin-check-es2015-constants "^6.22.0"
      babel-plugin-syntax-trailing-function-commas "^6.22.0"
      babel-plugin-transform-async-to-generator "^6.22.0"
      babel-plugin-transform-es2015-arrow-functions "^6.22.0"
      babel-plugin-transform-es2015-block-scoped-functions "^6.22.0"
      babel-plugin-transform-es2015-block-scoping "^6.23.0"
      babel-plugin-transform-es2015-classes "^6.23.0"
      babel-plugin-transform-es2015-computed-properties "^6.22.0"
      babel-plugin-transform-es2015-destructuring "^6.23.0"
      babel-plugin-transform-es2015-duplicate-keys "^6.22.0"
      babel-plugin-transform-es2015-for-of "^6.23.0"
      babel-plugin-transform-es2015-function-name "^6.22.0"
      babel-plugin-transform-es2015-literals "^6.22.0"
      babel-plugin-transform-es2015-modules-amd "^6.22.0"
      babel-plugin-transform-es2015-modules-commonjs "^6.23.0"
      babel-plugin-transform-es2015-modules-systemjs "^6.23.0"
      babel-plugin-transform-es2015-modules-umd "^6.23.0"
      babel-plugin-transform-es2015-object-super "^6.22.0"
      babel-plugin-transform-es2015-parameters "^6.23.0"
      babel-plugin-transform-es2015-shorthand-properties "^6.22.0"
      babel-plugin-transform-es2015-spread "^6.22.0"
      babel-plugin-transform-es2015-sticky-regex "^6.22.0"
      babel-plugin-transform-es2015-template-literals "^6.22.0"
      babel-plugin-transform-es2015-typeof-symbol "^6.23.0"
      babel-plugin-transform-es2015-unicode-regex "^6.22.0"
      babel-plugin-transform-exponentiation-operator "^6.22.0"
      babel-plugin-transform-regenerator "^6.22.0"
      browserslist "^3.2.6"
      invariant "^2.2.2"
      semver "^5.3.0"
  
  babel-register@^6.26.0:
    version "6.26.0"
    resolved "https://registry.yarnpkg.com/babel-register/-/babel-register-6.26.0.tgz#6ed021173e2fcb486d7acb45c6009a856f647071"
    dependencies:
      babel-core "^6.26.0"
      babel-runtime "^6.26.0"
      core-js "^2.5.0"
      home-or-tmp "^2.0.0"
      lodash "^4.17.4"
      mkdirp "^0.5.1"
      source-map-support "^0.4.15"
  
  babel-runtime@^6.18.0, babel-runtime@^6.22.0, babel-runtime@^6.26.0:
    version "6.26.0"
    resolved "https://registry.yarnpkg.com/babel-runtime/-/babel-runtime-6.26.0.tgz#965c7058668e82b55d7bfe04ff2337bc8b5647fe"
    dependencies:
      core-js "^2.4.0"
      regenerator-runtime "^0.11.0"
  
  babel-template@^6.24.1, babel-template@^6.26.0:
    version "6.26.0"
    resolved "https://registry.yarnpkg.com/babel-template/-/babel-template-6.26.0.tgz#de03e2d16396b069f46dd9fff8521fb1a0e35e02"
    dependencies:
      babel-runtime "^6.26.0"
      babel-traverse "^6.26.0"
      babel-types "^6.26.0"
      babylon "^6.18.0"
      lodash "^4.17.4"
  
  babel-traverse@^6.24.1, babel-traverse@^6.26.0:
    version "6.26.0"
    resolved "https://registry.yarnpkg.com/babel-traverse/-/babel-traverse-6.26.0.tgz#46a9cbd7edcc62c8e5c064e2d2d8d0f4035766ee"
    dependencies:
      babel-code-frame "^6.26.0"
      babel-messages "^6.23.0"
      babel-runtime "^6.26.0"
      babel-types "^6.26.0"
      babylon "^6.18.0"
      debug "^2.6.8"
      globals "^9.18.0"
      invariant "^2.2.2"
      lodash "^4.17.4"
  
  babel-types@^6.19.0, babel-types@^6.24.1, babel-types@^6.26.0:
    version "6.26.0"
    resolved "https://registry.yarnpkg.com/babel-types/-/babel-types-6.26.0.tgz#a3b073f94ab49eb6fa55cd65227a334380632497"
    dependencies:
      babel-runtime "^6.26.0"
      esutils "^2.0.2"
      lodash "^4.17.4"
      to-fast-properties "^1.0.3"
  
  babylon@7.0.0-beta.44:
    version "7.0.0-beta.44"
    resolved "http://registry.npmjs.org/babylon/-/babylon-7.0.0-beta.44.tgz#89159e15e6e30c5096e22d738d8c0af8a0e8ca1d"
  
  babylon@^6.18.0:
    version "6.18.0"
    resolved "https://registry.yarnpkg.com/babylon/-/babylon-6.18.0.tgz#af2f3b88fa6f5c1e4c634d1a0f8eac4f55b395e3"
  
  balanced-match@^1.0.0:
    version "1.0.0"
    resolved "https://registry.yarnpkg.com/balanced-match/-/balanced-match-1.0.0.tgz#89b4d199ab2bee49de164ea02b89ce462d71b767"
  
  brace-expansion@^1.1.7:
    version "1.1.11"
    resolved "https://registry.yarnpkg.com/brace-expansion/-/brace-expansion-1.1.11.tgz#3c7fcbf529d87226f3d2f52b966ff5271eb441dd"
    dependencies:
      balanced-match "^1.0.0"
      concat-map "0.0.1"
  
  browserslist@^3.2.6:
    version "3.2.8"
    resolved "https://registry.yarnpkg.com/browserslist/-/browserslist-3.2.8.tgz#b0005361d6471f0f5952797a76fc985f1f978fc6"
    dependencies:
      caniuse-lite "^1.0.30000844"
      electron-to-chromium "^1.3.47"
  
  caniuse-lite@^1.0.30000844:
    version "1.0.30000921"
    resolved "https://registry.yarnpkg.com/caniuse-lite/-/caniuse-lite-1.0.30000921.tgz#7a607c1623444b22351d834e093aedda3c42fbe8"
  
  chalk@^1.1.3:
    version "1.1.3"
    resolved "http://registry.npmjs.org/chalk/-/chalk-1.1.3.tgz#a8115c55e4a702fe4d150abd3872822a7e09fc98"
    dependencies:
      ansi-styles "^2.2.1"
      escape-string-regexp "^1.0.2"
      has-ansi "^2.0.0"
      strip-ansi "^3.0.0"
      supports-color "^2.0.0"
  
  chalk@^2.0.0:
    version "2.4.1"
    resolved "https://registry.yarnpkg.com/chalk/-/chalk-2.4.1.tgz#18c49ab16a037b6eb0152cc83e3471338215b66e"
    dependencies:
      ansi-styles "^3.2.1"
      escape-string-regexp "^1.0.5"
      supports-color "^5.3.0"
  
  color-convert@^1.9.0:
    version "1.9.3"
    resolved "https://registry.yarnpkg.com/color-convert/-/color-convert-1.9.3.tgz#bb71850690e1f136567de629d2d5471deda4c1e8"
    dependencies:
      color-name "1.1.3"
  
  color-name@1.1.3:
    version "1.1.3"
    resolved "https://registry.yarnpkg.com/color-name/-/color-name-1.1.3.tgz#a7d0558bd89c42f795dd42328f740831ca53bc25"
  
  concat-map@0.0.1:
    version "0.0.1"
    resolved "https://registry.yarnpkg.com/concat-map/-/concat-map-0.0.1.tgz#d8a96bd77fd68df7793a73036a3ba0d5405d477b"
  
  convert-source-map@^1.5.1:
    version "1.6.0"
    resolved "https://registry.yarnpkg.com/convert-source-map/-/convert-source-map-1.6.0.tgz#51b537a8c43e0f04dec1993bffcdd504e758ac20"
    dependencies:
      safe-buffer "~5.1.1"
  
  core-js@^2.4.0, core-js@^2.5.0:
    version "2.6.0"
    resolved "https://registry.yarnpkg.com/core-js/-/core-js-2.6.0.tgz#1e30793e9ee5782b307e37ffa22da0eacddd84d4"
  
  css-parse@1.7.x:
    version "1.7.0"
    resolved "https://registry.yarnpkg.com/css-parse/-/css-parse-1.7.0.tgz#321f6cf73782a6ff751111390fc05e2c657d8c9b"
  
  debug@*, debug@^4.1.0:
    version "4.1.0"
    resolved "https://registry.yarnpkg.com/debug/-/debug-4.1.0.tgz#373687bffa678b38b1cd91f861b63850035ddc87"
    dependencies:
      ms "^2.1.1"
  
  debug@^2.6.8, debug@^2.6.9:
    version "2.6.9"
    resolved "https://registry.yarnpkg.com/debug/-/debug-2.6.9.tgz#5d128515df134ff327e90a4c93f4e077a536341f"
    dependencies:
      ms "2.0.0"
  
  debug@^3.1.0:
    version "3.2.6"
    resolved "https://registry.yarnpkg.com/debug/-/debug-3.2.6.tgz#e83d17de16d8a7efb7717edbe5fb10135eee629b"
    dependencies:
      ms "^2.1.1"
  
  detect-indent@^4.0.0:
    version "4.0.0"
    resolved "https://registry.yarnpkg.com/detect-indent/-/detect-indent-4.0.0.tgz#f76d064352cdf43a1cb6ce619c4ee3a9475de208"
    dependencies:
      repeating "^2.0.0"
  
  electron-to-chromium@^1.3.47:
    version "1.3.92"
    resolved "https://registry.yarnpkg.com/electron-to-chromium/-/electron-to-chromium-1.3.92.tgz#9027b5abaea400045edd652c0e4838675c814399"
  
  escape-string-regexp@^1.0.2, escape-string-regexp@^1.0.5:
    version "1.0.5"
    resolved "https://registry.yarnpkg.com/escape-string-regexp/-/escape-string-regexp-1.0.5.tgz#1b61c0562190a8dff6ae3bb2cf0200ca130b86d4"
  
  esutils@^2.0.2:
    version "2.0.2"
    resolved "https://registry.yarnpkg.com/esutils/-/esutils-2.0.2.tgz#0abf4f1caa5bcb1f7a9d8acc6dea4faaa04bac9b"
  
  fs.realpath@^1.0.0:
    version "1.0.0"
    resolved "https://registry.yarnpkg.com/fs.realpath/-/fs.realpath-1.0.0.tgz#1504ad2523158caa40db4a2787cb01411994ea4f"
  
  glob@7.0.x:
    version "7.0.6"
    resolved "https://registry.yarnpkg.com/glob/-/glob-7.0.6.tgz#211bafaf49e525b8cd93260d14ab136152b3f57a"
    dependencies:
      fs.realpath "^1.0.0"
      inflight "^1.0.4"
      inherits "2"
      minimatch "^3.0.2"
      once "^1.3.0"
      path-is-absolute "^1.0.0"
  
  globals@^11.1.0:
    version "11.9.0"
    resolved "https://registry.yarnpkg.com/globals/-/globals-11.9.0.tgz#bde236808e987f290768a93d065060d78e6ab249"
  
  globals@^9.18.0:
    version "9.18.0"
    resolved "https://registry.yarnpkg.com/globals/-/globals-9.18.0.tgz#aa3896b3e69b487f17e31ed2143d69a8e30c2d8a"
  
  has-ansi@^2.0.0:
    version "2.0.0"
    resolved "https://registry.yarnpkg.com/has-ansi/-/has-ansi-2.0.0.tgz#34f5049ce1ecdf2b0649af3ef24e45ed35416d91"
    dependencies:
      ansi-regex "^2.0.0"
  
  has-flag@^3.0.0:
    version "3.0.0"
    resolved "https://registry.yarnpkg.com/has-flag/-/has-flag-3.0.0.tgz#b5d454dc2199ae225699f3467e5a07f3b955bafd"
  
  home-or-tmp@^2.0.0:
    version "2.0.0"
    resolved "https://registry.yarnpkg.com/home-or-tmp/-/home-or-tmp-2.0.0.tgz#e36c3f2d2cae7d746a857e38d18d5f32a7882db8"
    dependencies:
      os-homedir "^1.0.0"
      os-tmpdir "^1.0.1"
  
  inflight@^1.0.4:
    version "1.0.6"
    resolved "https://registry.yarnpkg.com/inflight/-/inflight-1.0.6.tgz#49bd6331d7d02d0c09bc910a1075ba8165b56df9"
    dependencies:
      once "^1.3.0"
      wrappy "1"
  
  inherits@2:
    version "2.0.3"
    resolved "https://registry.yarnpkg.com/inherits/-/inherits-2.0.3.tgz#633c2c83e3da42a502f52466022480f4208261de"
  
  invariant@^2.2.0, invariant@^2.2.2:
    version "2.2.4"
    resolved "https://registry.yarnpkg.com/invariant/-/invariant-2.2.4.tgz#610f3c92c9359ce1db616e538008d23ff35158e6"
    dependencies:
      loose-envify "^1.0.0"
  
  is-finite@^1.0.0:
    version "1.0.2"
    resolved "https://registry.yarnpkg.com/is-finite/-/is-finite-1.0.2.tgz#cc6677695602be550ef11e8b4aa6305342b6d0aa"
    dependencies:
      number-is-nan "^1.0.0"
  
  js-tokens@^3.0.0, js-tokens@^3.0.2:
    version "3.0.2"
    resolved "https://registry.yarnpkg.com/js-tokens/-/js-tokens-3.0.2.tgz#9866df395102130e38f7f996bceb65443209c25b"
  
  "js-tokens@^3.0.0 || ^4.0.0", js-tokens@^4.0.0:
    version "4.0.0"
    resolved "https://registry.yarnpkg.com/js-tokens/-/js-tokens-4.0.0.tgz#19203fb59991df98e3a287050d4647cdeaf32499"
  
  jsesc@^1.3.0:
    version "1.3.0"
    resolved "http://registry.npmjs.org/jsesc/-/jsesc-1.3.0.tgz#46c3fec8c1892b12b0833db9bc7622176dbab34b"
  
  jsesc@^2.5.1:
    version "2.5.2"
    resolved "https://registry.yarnpkg.com/jsesc/-/jsesc-2.5.2.tgz#80564d2e483dacf6e8ef209650a67df3f0c283a4"
  
  jsesc@~0.5.0:
    version "0.5.0"
    resolved "http://registry.npmjs.org/jsesc/-/jsesc-0.5.0.tgz#e7dee66e35d6fc16f710fe91d5cf69f70f08911d"
  
  json5@^0.5.1:
    version "0.5.1"
    resolved "http://registry.npmjs.org/json5/-/json5-0.5.1.tgz#1eade7acc012034ad84e2396767ead9fa5495821"
  
  lodash@^4.17.10, lodash@^4.17.4, lodash@^4.2.0:
    version "4.17.11"
    resolved "https://registry.yarnpkg.com/lodash/-/lodash-4.17.11.tgz#b39ea6229ef607ecd89e2c8df12536891cac9b8d"
  
  loose-envify@^1.0.0:
    version "1.4.0"
    resolved "https://registry.yarnpkg.com/loose-envify/-/loose-envify-1.4.0.tgz#71ee51fa7be4caec1a63839f7e682d8132d30caf"
    dependencies:
      js-tokens "^3.0.0 || ^4.0.0"
  
  minimatch@^3.0.2, minimatch@^3.0.4:
    version "3.0.4"
    resolved "https://registry.yarnpkg.com/minimatch/-/minimatch-3.0.4.tgz#5166e286457f03306064be5497e8dbb0c3d32083"
    dependencies:
      brace-expansion "^1.1.7"
  
  minimist@0.0.8:
    version "0.0.8"
    resolved "http://registry.npmjs.org/minimist/-/minimist-0.0.8.tgz#857fcabfc3397d2625b8228262e86aa7a011b05d"
  
  mkdirp@0.5.x, mkdirp@^0.5.1:
    version "0.5.1"
    resolved "http://registry.npmjs.org/mkdirp/-/mkdirp-0.5.1.tgz#30057438eac6cf7f8c4767f38648d6697d75c903"
    dependencies:
      minimist "0.0.8"
  
  ms@2.0.0:
    version "2.0.0"
    resolved "https://registry.yarnpkg.com/ms/-/ms-2.0.0.tgz#5608aeadfc00be6c2901df5f9861788de0d597c8"
  
  ms@^2.1.1:
    version "2.1.1"
    resolved "https://registry.yarnpkg.com/ms/-/ms-2.1.1.tgz#30a5864eb3ebb0a66f2ebe6d727af06a09d86e0a"
  
  normalize.css@^8.0.1:
    version "8.0.1"
    resolved "https://registry.yarnpkg.com/normalize.css/-/normalize.css-8.0.1.tgz#9b98a208738b9cc2634caacbc42d131c97487bf3"
  
  number-is-nan@^1.0.0:
    version "1.0.1"
    resolved "https://registry.yarnpkg.com/number-is-nan/-/number-is-nan-1.0.1.tgz#097b602b53422a522c1afb8790318336941a011d"
  
  once@^1.3.0:
    version "1.4.0"
    resolved "https://registry.yarnpkg.com/once/-/once-1.4.0.tgz#583b1aa775961d4b113ac17d9c50baef9dd76bd1"
    dependencies:
      wrappy "1"
  
  os-homedir@^1.0.0:
    version "1.0.2"
    resolved "http://registry.npmjs.org/os-homedir/-/os-homedir-1.0.2.tgz#ffbc4988336e0e833de0c168c7ef152121aa7fb3"
  
  os-tmpdir@^1.0.1:
    version "1.0.2"
    resolved "http://registry.npmjs.org/os-tmpdir/-/os-tmpdir-1.0.2.tgz#bbe67406c79aa85c5cfec766fe5734555dfa1274"
  
  pappi@^0.0.1:
    version "0.0.1"
    resolved "https://registry.yarnpkg.com/pappi/-/pappi-0.0.1.tgz#f9413ace02093b4ce93b0784e2b67c40faf52d37"
    dependencies:
      normalize.css "^8.0.1"
  
  path-is-absolute@^1.0.0, path-is-absolute@^1.0.1:
    version "1.0.1"
    resolved "http://registry.npmjs.org/path-is-absolute/-/path-is-absolute-1.0.1.tgz#174b9268735534ffbc7ace6bf53a5a9e1b5c5f5f"
  
  private@^0.1.6, private@^0.1.8:
    version "0.1.8"
    resolved "https://registry.yarnpkg.com/private/-/private-0.1.8.tgz#2381edb3689f7a53d653190060fcf822d2f368ff"
  
  regenerate-unicode-properties@^7.0.0:
    version "7.0.0"
    resolved "https://registry.yarnpkg.com/regenerate-unicode-properties/-/regenerate-unicode-properties-7.0.0.tgz#107405afcc4a190ec5ed450ecaa00ed0cafa7a4c"
    dependencies:
      regenerate "^1.4.0"
  
  regenerate@^1.2.1, regenerate@^1.4.0:
    version "1.4.0"
    resolved "https://registry.yarnpkg.com/regenerate/-/regenerate-1.4.0.tgz#4a856ec4b56e4077c557589cae85e7a4c8869a11"
  
  regenerator-runtime@^0.11.0:
    version "0.11.1"
    resolved "https://registry.yarnpkg.com/regenerator-runtime/-/regenerator-runtime-0.11.1.tgz#be05ad7f9bf7d22e056f9726cee5017fbf19e2e9"
  
  regenerator-transform@^0.10.0:
    version "0.10.1"
    resolved "https://registry.yarnpkg.com/regenerator-transform/-/regenerator-transform-0.10.1.tgz#1e4996837231da8b7f3cf4114d71b5691a0680dd"
    dependencies:
      babel-runtime "^6.18.0"
      babel-types "^6.19.0"
      private "^0.1.6"
  
  regexpu-core@^2.0.0:
    version "2.0.0"
    resolved "http://registry.npmjs.org/regexpu-core/-/regexpu-core-2.0.0.tgz#49d038837b8dcf8bfa5b9a42139938e6ea2ae240"
    dependencies:
      regenerate "^1.2.1"
      regjsgen "^0.2.0"
      regjsparser "^0.1.4"
  
  regexpu-core@^4.1.3:
    version "4.4.0"
    resolved "https://registry.yarnpkg.com/regexpu-core/-/regexpu-core-4.4.0.tgz#8d43e0d1266883969720345e70c275ee0aec0d32"
    dependencies:
      regenerate "^1.4.0"
      regenerate-unicode-properties "^7.0.0"
      regjsgen "^0.5.0"
      regjsparser "^0.6.0"
      unicode-match-property-ecmascript "^1.0.4"
      unicode-match-property-value-ecmascript "^1.0.2"
  
  regjsgen@^0.2.0:
    version "0.2.0"
    resolved "http://registry.npmjs.org/regjsgen/-/regjsgen-0.2.0.tgz#6c016adeac554f75823fe37ac05b92d5a4edb1f7"
  
  regjsgen@^0.5.0:
    version "0.5.0"
    resolved "https://registry.yarnpkg.com/regjsgen/-/regjsgen-0.5.0.tgz#a7634dc08f89209c2049adda3525711fb97265dd"
  
  regjsparser@^0.1.4:
    version "0.1.5"
    resolved "http://registry.npmjs.org/regjsparser/-/regjsparser-0.1.5.tgz#7ee8f84dc6fa792d3fd0ae228d24bd949ead205c"
    dependencies:
      jsesc "~0.5.0"
  
  regjsparser@^0.6.0:
    version "0.6.0"
    resolved "https://registry.yarnpkg.com/regjsparser/-/regjsparser-0.6.0.tgz#f1e6ae8b7da2bae96c99399b868cd6c933a2ba9c"
    dependencies:
      jsesc "~0.5.0"
  
  repeating@^2.0.0:
    version "2.0.1"
    resolved "https://registry.yarnpkg.com/repeating/-/repeating-2.0.1.tgz#5214c53a926d3552707527fbab415dbc08d06dda"
    dependencies:
      is-finite "^1.0.0"
  
  safe-buffer@~5.1.1:
    version "5.1.2"
    resolved "https://registry.yarnpkg.com/safe-buffer/-/safe-buffer-5.1.2.tgz#991ec69d296e0313747d59bdfd2b745c35f8828d"
  
  sax@0.5.x:
    version "0.5.8"
    resolved "http://registry.npmjs.org/sax/-/sax-0.5.8.tgz#d472db228eb331c2506b0e8c15524adb939d12c1"
  
  semver@^5.3.0:
    version "5.6.0"
    resolved "https://registry.yarnpkg.com/semver/-/semver-5.6.0.tgz#7e74256fbaa49c75aa7c7a205cc22799cac80004"
  
  slash@^1.0.0:
    version "1.0.0"
    resolved "https://registry.yarnpkg.com/slash/-/slash-1.0.0.tgz#c41f2f6c39fc16d1cd17ad4b5d896114ae470d55"
  
  source-map-support@^0.4.15:
    version "0.4.18"
    resolved "https://registry.yarnpkg.com/source-map-support/-/source-map-support-0.4.18.tgz#0286a6de8be42641338594e97ccea75f0a2c585f"
    dependencies:
      source-map "^0.5.6"
  
  source-map@0.1.x:
    version "0.1.43"
    resolved "http://registry.npmjs.org/source-map/-/source-map-0.1.43.tgz#c24bc146ca517c1471f5dacbe2571b2b7f9e3346"
    dependencies:
      amdefine ">=0.0.4"
  
  source-map@^0.5.0, source-map@^0.5.6, source-map@^0.5.7:
    version "0.5.7"
    resolved "https://registry.yarnpkg.com/source-map/-/source-map-0.5.7.tgz#8a039d2d1021d22d1ea14c80d8ea468ba2ef3fcc"
  
  strip-ansi@^3.0.0:
    version "3.0.1"
    resolved "http://registry.npmjs.org/strip-ansi/-/strip-ansi-3.0.1.tgz#6a385fb8853d952d5ff05d0e8aaf94278dc63dcf"
    dependencies:
      ansi-regex "^2.0.0"
  
  stylus@^0.54.5:
    version "0.54.5"
    resolved "https://registry.yarnpkg.com/stylus/-/stylus-0.54.5.tgz#42b9560931ca7090ce8515a798ba9e6aa3d6dc79"
    dependencies:
      css-parse "1.7.x"
      debug "*"
      glob "7.0.x"
      mkdirp "0.5.x"
      sax "0.5.x"
      source-map "0.1.x"
  
  supports-color@^2.0.0:
    version "2.0.0"
    resolved "https://registry.yarnpkg.com/supports-color/-/supports-color-2.0.0.tgz#535d045ce6b6363fa40117084629995e9df324c7"
  
  supports-color@^5.3.0:
    version "5.5.0"
    resolved "https://registry.yarnpkg.com/supports-color/-/supports-color-5.5.0.tgz#e2e69a44ac8772f78a1ec0b35b689df6530efc8f"
    dependencies:
      has-flag "^3.0.0"
  
  to-fast-properties@^1.0.3:
    version "1.0.3"
    resolved "https://registry.yarnpkg.com/to-fast-properties/-/to-fast-properties-1.0.3.tgz#b83571fa4d8c25b82e231b06e3a3055de4ca1a47"
  
  to-fast-properties@^2.0.0:
    version "2.0.0"
    resolved "https://registry.yarnpkg.com/to-fast-properties/-/to-fast-properties-2.0.0.tgz#dc5e698cbd079265bc73e0377681a4e4e83f616e"
  
  trim-right@^1.0.1:
    version "1.0.1"
    resolved "https://registry.yarnpkg.com/trim-right/-/trim-right-1.0.1.tgz#cb2e1203067e0c8de1f614094b9fe45704ea6003"
  
  two.js@^0.7.0-beta.3:
    version "0.7.0-beta.3"
    resolved "https://registry.yarnpkg.com/two.js/-/two.js-0.7.0-beta.3.tgz#0edff0768fd6ed10611d01aef7d0d7bcc0c538ab"
  
  unicode-canonical-property-names-ecmascript@^1.0.4:
    version "1.0.4"
    resolved "https://registry.yarnpkg.com/unicode-canonical-property-names-ecmascript/-/unicode-canonical-property-names-ecmascript-1.0.4.tgz#2619800c4c825800efdd8343af7dd9933cbe2818"
  
  unicode-match-property-ecmascript@^1.0.4:
    version "1.0.4"
    resolved "https://registry.yarnpkg.com/unicode-match-property-ecmascript/-/unicode-match-property-ecmascript-1.0.4.tgz#8ed2a32569961bce9227d09cd3ffbb8fed5f020c"
    dependencies:
      unicode-canonical-property-names-ecmascript "^1.0.4"
      unicode-property-aliases-ecmascript "^1.0.4"
  
  unicode-match-property-value-ecmascript@^1.0.2:
    version "1.0.2"
    resolved "https://registry.yarnpkg.com/unicode-match-property-value-ecmascript/-/unicode-match-property-value-ecmascript-1.0.2.tgz#9f1dc76926d6ccf452310564fd834ace059663d4"
  
  unicode-property-aliases-ecmascript@^1.0.4:
    version "1.0.4"
    resolved "https://registry.yarnpkg.com/unicode-property-aliases-ecmascript/-/unicode-property-aliases-ecmascript-1.0.4.tgz#5a533f31b4317ea76f17d807fa0d116546111dd0"
  
  wrappy@1:
    version "1.0.2"
    resolved "https://registry.yarnpkg.com/wrappy/-/wrappy-1.0.2.tgz#b5243d8f3ec1aa35f1364605bc0d1036e30ab69f"
